Performing C SOURCE FILE Test CMAKE_HAVE_LIBC_PTHREAD failed with the following output:
Change Dir: /home/du/CLionProjects/date-formatter-challenge/cmake-build-debug/CMakeFiles/CMakeTmp

Run Build Command(s):/opt/clion-2021.3.2/bin/ninja/linux/ninja cmTC_3940e && [1/2] Building C object CMakeFiles/cmTC_3940e.dir/src.c.o
[2/2] Linking C executable cmTC_3940e
FAILED: cmTC_3940e 
: && /usr/bin/clang   CMakeFiles/cmTC_3940e.dir/src.c.o -o cmTC_3940e   && :
/usr/bin/ld: CMakeFiles/cmTC_3940e.dir/src.c.o: na função "main":
src.c:(.text+0x25): referência não definida para "pthread_create"
/usr/bin/ld: src.c:(.text+0x31): referência não definida para "pthread_detach"
/usr/bin/ld: src.c:(.text+0x3d): referência não definida para "pthread_cancel"
/usr/bin/ld: src.c:(.text+0x4f): referência não definida para "pthread_join"
clang: error: linker command failed with exit code 1 (use -v to see invocation)
ninja: build stopped: subcommand failed.


Source file was:
#include <pthread.h>

static void* test_func(void* data)
{
  return data;
}

int main(void)
{
  pthread_t thread;
  pthread_create(&thread, NULL, test_func, NULL);
  pthread_detach(thread);
  pthread_cancel(thread);
  pthread_join(thread, NULL);
  pthread_atfork(NULL, NULL, NULL);
  pthread_exit(NULL);

  return 0;
}

Determining if the function pthread_create exists in the pthreads failed with the following output:
Change Dir: /home/du/CLionProjects/date-formatter-challenge/cmake-build-debug/CMakeFiles/CMakeTmp

Run Build Command(s):/opt/clion-2021.3.2/bin/ninja/linux/ninja cmTC_c9ee9 && [1/2] Building C object CMakeFiles/cmTC_c9ee9.dir/CheckFunctionExists.c.o
[2/2] Linking C executable cmTC_c9ee9
FAILED: cmTC_c9ee9 
: && /usr/bin/clang -DCHECK_FUNCTION_EXISTS=pthread_create  CMakeFiles/cmTC_c9ee9.dir/CheckFunctionExists.c.o -o cmTC_c9ee9  -lpthreads && :
/usr/bin/ld: não foi possível localizar -lpthreads
clang: error: linker command failed with exit code 1 (use -v to see invocation)
ninja: build stopped: subcommand failed.



